<?xml version="1.0" encoding="UTF-8"?>
<!-- Generated by org.testng.reporters.JUnitXMLReporter -->
<testsuite ignored="1" hostname="DESKTOP-5BKKI8L" failures="0" tests="1" name="Default test" time="10.695" errors="0" timestamp="2024-04-03T23:25:11 PDT">
  <testcase classname="com.allianz.test.LoginUItest" name="methodTest" time="10.568"/>
  <testcase classname="com.allianz.test.LoginUItest" name="titleTest" time="0.0">
    <ignored/>
  </testcase> <!-- titleTest -->
</testsuite> <!-- Default test -->
