<?xml version="1.0" encoding="UTF-8"?>
<testng-results ignored="0" total="1" passed="1" failed="0" skipped="0">
  <reporter-output>
  </reporter-output>
  <suite started-at="2024-04-03T23:25:00 PDT" name="Default suite" finished-at="2024-04-03T23:25:11 PDT" duration-ms="10695">
    <groups>
    </groups>
    <test started-at="2024-04-03T23:25:00 PDT" name="Default test" finished-at="2024-04-03T23:25:11 PDT" duration-ms="10695">
      <class name="com.allianz.test.LoginUItest">
        <test-method signature="methodTest()[pri:1, instance:com.allianz.test.LoginUItest@47e2e487]" started-at="2024-04-03T23:25:00 PDT" name="methodTest" finished-at="2024-04-03T23:25:11 PDT" duration-ms="10568" status="PASS">
          <reporter-output>
          </reporter-output>
        </test-method> <!-- methodTest -->
      </class> <!-- com.allianz.test.LoginUItest -->
    </test> <!-- Default test -->
  </suite> <!-- Default suite -->
</testng-results>
