<?xml version="1.0" encoding="UTF-8"?>
<testng-results ignored="0" total="1" passed="1" failed="0" skipped="0">
  <reporter-output>
  </reporter-output>
  <suite started-at="2024-04-03T20:13:25 PDT" name="Default suite" finished-at="2024-04-03T20:13:25 PDT" duration-ms="196">
    <groups>
    </groups>
    <test started-at="2024-04-03T20:13:25 PDT" name="Default test" finished-at="2024-04-03T20:13:25 PDT" duration-ms="196">
      <class name="com.allianz.test.LoginUItest">
        <test-method signature="methodTest()[pri:1, instance:com.allianz.test.LoginUItest@6253c26]" started-at="2024-04-03T20:13:25 PDT" name="methodTest" finished-at="2024-04-03T20:13:25 PDT" duration-ms="28" status="PASS">
          <reporter-output>
          </reporter-output>
        </test-method> <!-- methodTest -->
      </class> <!-- com.allianz.test.LoginUItest -->
    </test> <!-- Default test -->
  </suite> <!-- Default suite -->
</testng-results>
